didiwuliu-master/didi/app/build/intermediates/manifest_merge_blame_file/debug/manifest-merger-blame-debug-report.txt
1<?xml version="1.0" encoding="utf-8"?>
2<manifest xmlns:android="http://schemas.android.com/apk/res/android"
3    package="com.example.didi"
4    android:versionCode="1"
5    android:versionName="1.0" >
6
7    <uses-sdk
8        android:minSdkVersion="22"
8-->src\main\AndroidManifest.xml
9        android:targetSdkVersion="33" />
9-->src\main\AndroidManifest.xml
10
11    <uses-permission android:name="android.permission.INTERNET" />
11-->src\main\AndroidManifest.xml:5:5-67
11-->src\main\AndroidManifest.xml:5:22-64
12    <uses-permission android:name="android.permission.WRITE_EXTERNAL_STORAGE" />
12-->src\main\AndroidManifest.xml:7:5-80
12-->src\main\AndroidManifest.xml:7:22-78
13
14    <queries>
14-->[com.alipay.sdk:alipaysdk-android:15.8.17] AndroidManifest.xml:9:5-20:15
15        <intent> <!-- H5 支持手淘登录 -->
15-->[com.alipay.sdk:alipaysdk-android:15.8.17] AndroidManifest.xml:10:9-14:18
16            <action android:name="*" />
16-->[com.alipay.sdk:alipaysdk-android:15.8.17] AndroidManifest.xml:11:13-40
16-->[com.alipay.sdk:alipaysdk-android:15.8.17] AndroidManifest.xml:11:21-37
17
18            <data android:scheme="tbopen" />
18-->[com.alipay.sdk:alipaysdk-android:15.8.17] AndroidManifest.xml:13:13-45
18-->[com.alipay.sdk:alipaysdk-android:15.8.17] AndroidManifest.xml:13:19-42
19        </intent>
20
21        <package android:name="com.eg.android.AlipayGphone" /> <!-- 支付宝 app -->
21-->[com.alipay.sdk:alipaysdk-android:15.8.17] AndroidManifest.xml:16:9-63
21-->[com.alipay.sdk:alipaysdk-android:15.8.17] AndroidManifest.xml:16:18-60
22        <package android:name="com.eg.android.AlipayGphoneRC" /> <!-- 沙箱支付宝 app -->
22-->[com.alipay.sdk:alipaysdk-android:15.8.17] AndroidManifest.xml:17:9-65
22-->[com.alipay.sdk:alipaysdk-android:15.8.17] AndroidManifest.xml:17:18-62
23        <package android:name="hk.alipay.wallet" /> <!-- 香港版支付宝 app -->
23-->[com.alipay.sdk:alipaysdk-android:15.8.17] AndroidManifest.xml:18:9-52
23-->[com.alipay.sdk:alipaysdk-android:15.8.17] AndroidManifest.xml:18:18-49
24        <package android:name="hk.alipay.walletRC" /> <!-- 香港版支付宝 app -->
24-->[com.alipay.sdk:alipaysdk-android:15.8.17] AndroidManifest.xml:19:9-54
24-->[com.alipay.sdk:alipaysdk-android:15.8.17] AndroidManifest.xml:19:18-51
25    </queries>
26
27    <supports-screens
27-->[com.alipay.sdk:alipaysdk-android:15.8.17] AndroidManifest.xml:22:5-27:39
28        android:anyDensity="true"
28-->[com.alipay.sdk:alipaysdk-android:15.8.17] AndroidManifest.xml:23:9-34
29        android:largeScreens="true"
29-->[com.alipay.sdk:alipaysdk-android:15.8.17] AndroidManifest.xml:24:9-36
30        android:normalScreens="true"
30-->[com.alipay.sdk:alipaysdk-android:15.8.17] AndroidManifest.xml:25:9-37
31        android:resizeable="true"
31-->[com.alipay.sdk:alipaysdk-android:15.8.17] AndroidManifest.xml:26:9-34
32        android:smallScreens="true" />
32-->[com.alipay.sdk:alipaysdk-android:15.8.17] AndroidManifest.xml:27:9-36
33
34    <uses-permission android:name="android.permission.ACCESS_NETWORK_STATE" />
34-->[com.alipay.sdk:alipaysdk-android:15.8.17] AndroidManifest.xml:30:5-79
34-->[com.alipay.sdk:alipaysdk-android:15.8.17] AndroidManifest.xml:30:22-76
35    <uses-permission android:name="android.permission.ACCESS_WIFI_STATE" />
35-->[com.alipay.sdk:alipaysdk-android:15.8.17] AndroidManifest.xml:31:5-76
35-->[com.alipay.sdk:alipaysdk-android:15.8.17] AndroidManifest.xml:31:22-73
36
37    <application
37-->src\main\AndroidManifest.xml:9:5-35:19
38        android:allowBackup="true"
38-->src\main\AndroidManifest.xml:10:9-35
39        android:appComponentFactory="androidx.core.app.CoreComponentFactory"
39-->[androidx.core:core:1.0.1] AndroidManifest.xml:22:18-86
40        android:debuggable="true"
41        android:icon="@mipmap/ic_launcher"
41-->src\main\AndroidManifest.xml:11:9-43
42        android:label="@string/app_name"
42-->src\main\AndroidManifest.xml:12:9-41
43        android:networkSecurityConfig="@xml/network_security_config"
43-->src\main\AndroidManifest.xml:13:9-69
44        android:roundIcon="@mipmap/ic_launcher_round"
44-->src\main\AndroidManifest.xml:14:9-54
45        android:supportsRtl="true"
45-->src\main\AndroidManifest.xml:15:9-35
46        android:testOnly="true"
47        android:theme="@style/AppTheme" >
47-->src\main\AndroidManifest.xml:16:9-40
48        <activity android:name="com.example.didi.ui.driverdetail.DriverDetailActivity" />
48-->src\main\AndroidManifest.xml:17:9-83
48-->src\main\AndroidManifest.xml:17:19-71
49        <activity android:name="com.example.didi.ui.user.PayDemoActivity" />
49-->src\main\AndroidManifest.xml:18:9-70
49-->src\main\AndroidManifest.xml:18:19-58
50        <activity android:name="com.example.didi.ui.contact_order.PublishOrderActivity" >
50-->src\main\AndroidManifest.xml:19:9-21:20
50-->src\main\AndroidManifest.xml:19:19-72
51
52            <!-- 如果有 Intent Filters, 在这里添加 -->
53        </activity>
54        <activity android:name="com.example.didi.ui.edit.EditActivity" />
54-->src\main\AndroidManifest.xml:22:9-58
54-->src\main\AndroidManifest.xml:22:19-55
55        <activity
55-->src\main\AndroidManifest.xml:23:9-25:63
56            android:name="com.example.didi.ui.register.RegisterActivity"
56-->src\main\AndroidManifest.xml:24:13-57
57            android:label="@string/title_activity_register" />
57-->src\main\AndroidManifest.xml:25:13-60
58        <activity android:name="com.example.didi.MainActivity" />
58-->src\main\AndroidManifest.xml:26:9-50
58-->src\main\AndroidManifest.xml:26:19-47
59        <activity
59-->src\main\AndroidManifest.xml:27:9-34:20
60            android:name="com.example.didi.ui.login.LoginActivity"
60-->src\main\AndroidManifest.xml:27:19-57
61            android:exported="true" >
61-->src\main\AndroidManifest.xml:28:13-36
62            <intent-filter>
62-->src\main\AndroidManifest.xml:29:13-33:29
63                <action android:name="android.intent.action.MAIN" />
63-->src\main\AndroidManifest.xml:30:17-69
63-->src\main\AndroidManifest.xml:30:25-66
64
65                <category android:name="android.intent.category.LAUNCHER" />
65-->src\main\AndroidManifest.xml:32:17-77
65-->src\main\AndroidManifest.xml:32:27-74
66            </intent-filter>
67        </activity>
68
69        <uses-library
69-->[com.alipay.sdk:alipaysdk-android:15.8.17] AndroidManifest.xml:34:9-36:40
70            android:name="org.apache.http.legacy"
70-->[com.alipay.sdk:alipaysdk-android:15.8.17] AndroidManifest.xml:35:13-50
71            android:required="false" />
71-->[com.alipay.sdk:alipaysdk-android:15.8.17] AndroidManifest.xml:36:13-37
72
73        <activity
73-->[com.alipay.sdk:alipaysdk-android:15.8.17] AndroidManifest.xml:38:9-43:20
74            android:name="com.alipay.sdk.app.H5PayActivity"
74-->[com.alipay.sdk:alipaysdk-android:15.8.17] AndroidManifest.xml:39:13-60
75            android:configChanges="orientation|keyboardHidden|navigation|screenSize|locale|keyboard|screenLayout|density|fontScale|layoutDirection|smallestScreenSize"
75-->[com.alipay.sdk:alipaysdk-android:15.8.17] AndroidManifest.xml:40:13-167
76            android:exported="false"
76-->[com.alipay.sdk:alipaysdk-android:15.8.17] AndroidManifest.xml:41:13-37
77            android:theme="@android:style/Theme.NoTitleBar" >
77-->[com.alipay.sdk:alipaysdk-android:15.8.17] AndroidManifest.xml:42:13-60
78        </activity>
79        <activity
79-->[com.alipay.sdk:alipaysdk-android:15.8.17] AndroidManifest.xml:44:9-49:20
80            android:name="com.alipay.sdk.app.H5AuthActivity"
80-->[com.alipay.sdk:alipaysdk-android:15.8.17] AndroidManifest.xml:45:13-61
81            android:configChanges="orientation|keyboardHidden|navigation|screenSize|locale|keyboard|screenLayout|density|fontScale|layoutDirection|smallestScreenSize"
81-->[com.alipay.sdk:alipaysdk-android:15.8.17] AndroidManifest.xml:46:13-167
82            android:exported="false"
82-->[com.alipay.sdk:alipaysdk-android:15.8.17] AndroidManifest.xml:47:13-37
83            android:theme="@android:style/Theme.NoTitleBar" >
83-->[com.alipay.sdk:alipaysdk-android:15.8.17] AndroidManifest.xml:48:13-60
84        </activity>
85        <activity
85-->[com.alipay.sdk:alipaysdk-android:15.8.17] AndroidManifest.xml:50:9-56:20
86            android:name="com.alipay.sdk.app.PayResultActivity"
86-->[com.alipay.sdk:alipaysdk-android:15.8.17] AndroidManifest.xml:51:13-64
87            android:configChanges="orientation|keyboardHidden|navigation|screenSize|locale|keyboard|screenLayout|density|fontScale|layoutDirection|smallestScreenSize"
87-->[com.alipay.sdk:alipaysdk-android:15.8.17] AndroidManifest.xml:52:13-167
88            android:exported="true"
88-->[com.alipay.sdk:alipaysdk-android:15.8.17] AndroidManifest.xml:53:13-36
89            android:launchMode="singleInstance"
89-->[com.alipay.sdk:alipaysdk-android:15.8.17] AndroidManifest.xml:54:13-48
90            android:theme="@android:style/Theme.Translucent.NoTitleBar" >
90-->[com.alipay.sdk:alipaysdk-android:15.8.17] AndroidManifest.xml:55:13-72
91        </activity>
92        <activity
92-->[com.alipay.sdk:alipaysdk-android:15.8.17] AndroidManifest.xml:57:9-63:20
93            android:name="com.alipay.sdk.app.AlipayResultActivity"
93-->[com.alipay.sdk:alipaysdk-android:15.8.17] AndroidManifest.xml:58:13-67
94            android:configChanges="orientation|keyboardHidden|navigation|screenSize|locale|keyboard|screenLayout|density|fontScale|layoutDirection|smallestScreenSize"
94-->[com.alipay.sdk:alipaysdk-android:15.8.17] AndroidManifest.xml:59:13-167
95            android:exported="true"
95-->[com.alipay.sdk:alipaysdk-android:15.8.17] AndroidManifest.xml:60:13-36
96            android:launchMode="singleTask"
96-->[com.alipay.sdk:alipaysdk-android:15.8.17] AndroidManifest.xml:61:13-44
97            android:theme="@android:style/Theme.Translucent.NoTitleBar" >
97-->[com.alipay.sdk:alipaysdk-android:15.8.17] AndroidManifest.xml:62:13-72
98        </activity>
99        <activity
99-->[com.alipay.sdk:alipaysdk-android:15.8.17] AndroidManifest.xml:64:9-70:20
100            android:name="com.alipay.sdk.app.H5OpenAuthActivity"
100-->[com.alipay.sdk:alipaysdk-android:15.8.17] AndroidManifest.xml:65:13-65
101            android:configChanges="orientation|keyboardHidden|navigation|screenSize|locale|keyboard|screenLayout|density|fontScale|layoutDirection|smallestScreenSize"
101-->[com.alipay.sdk:alipaysdk-android:15.8.17] AndroidManifest.xml:66:13-167
102            android:exported="false"
102-->[com.alipay.sdk:alipaysdk-android:15.8.17] AndroidManifest.xml:67:13-37
103            android:screenOrientation="behind"
103-->[com.alipay.sdk:alipaysdk-android:15.8.17] AndroidManifest.xml:68:13-47
104            android:windowSoftInputMode="adjustResize|stateHidden" >
104-->[com.alipay.sdk:alipaysdk-android:15.8.17] AndroidManifest.xml:69:13-67
105        </activity>
106        <activity
106-->[com.alipay.sdk:alipaysdk-android:15.8.17] AndroidManifest.xml:71:9-76:20
107            android:name="com.alipay.sdk.app.APayEntranceActivity"
107-->[com.alipay.sdk:alipaysdk-android:15.8.17] AndroidManifest.xml:72:13-67
108            android:configChanges="orientation|keyboardHidden|navigation|screenSize|locale|keyboard|screenLayout|density|fontScale|layoutDirection|smallestScreenSize"
108-->[com.alipay.sdk:alipaysdk-android:15.8.17] AndroidManifest.xml:73:13-167
109            android:exported="false"
109-->[com.alipay.sdk:alipaysdk-android:15.8.17] AndroidManifest.xml:74:13-37
110            android:theme="@android:style/Theme.Translucent.NoTitleBar" >
110-->[com.alipay.sdk:alipaysdk-android:15.8.17] AndroidManifest.xml:75:13-72
111        </activity>
112
113        <provider
113-->[androidx.lifecycle:lifecycle-process:2.0.0] AndroidManifest.xml:23:9-27:43
114            android:name="androidx.lifecycle.ProcessLifecycleOwnerInitializer"
114-->[androidx.lifecycle:lifecycle-process:2.0.0] AndroidManifest.xml:24:13-79
115            android:authorities="com.example.didi.lifecycle-process"
115-->[androidx.lifecycle:lifecycle-process:2.0.0] AndroidManifest.xml:25:13-69
116            android:exported="false"
116-->[androidx.lifecycle:lifecycle-process:2.0.0] AndroidManifest.xml:26:13-37
117            android:multiprocess="true" />
117-->[androidx.lifecycle:lifecycle-process:2.0.0] AndroidManifest.xml:27:13-40
118    </application>
119
120</manifest>